[debug] [2022-07-08T22:25:32.047Z] ----------------------------------------------------------------------
[debug] [2022-07-08T22:25:32.048Z] Command:       /usr/local/lib/node_modules/firebase-tools/lib/bin/firebase.js /Users/cole/.cache/firebase/tools/lib/node_modules/firebase-tools/lib/bin/firebase init
[debug] [2022-07-08T22:25:32.048Z] CLI Version:   11.2.1
[debug] [2022-07-08T22:25:32.049Z] Platform:      darwin
[debug] [2022-07-08T22:25:32.049Z] Node Version:  v16.15.0
[debug] [2022-07-08T22:25:32.049Z] Time:          Fri Jul 08 2022 18:25:32 GMT-0400 (Eastern Daylight Time)
[debug] [2022-07-08T22:25:32.050Z] ----------------------------------------------------------------------
[debug] 
[debug] [2022-07-08T22:25:32.054Z] > command requires scopes: ["email","openid","https://www.googleapis.com/auth/cloudplatformprojects.readonly","https://www.googleapis.com/auth/firebase","https://www.googleapis.com/auth/cloud-platform"]
[debug] [2022-07-08T22:25:32.055Z] > authorizing via signed-in user (colecharles1997@gmail.com)
[info] 
     ######## #### ########  ######## ########     ###     ######  ########
     ##        ##  ##     ## ##       ##     ##  ##   ##  ##       ##
     ######    ##  ########  ######   ########  #########  ######  ######
     ##        ##  ##    ##  ##       ##     ## ##     ##       ## ##
     ##       #### ##     ## ######## ########  ##     ##  ######  ########

You're about to initialize a Firebase project in this directory:

  /Users/cole/Desktop/server/public/kyle-app

[info] 
=== Project Setup
[info] 
[info] First, let's associate this project directory with a Firebase project.
[info] You can create multiple project aliases by running firebase use --add, 
[info] but for now we'll just set up a default project.
[info] 
[debug] [2022-07-08T22:25:38.136Z] >>> [apiv2][query] GET https://firebase.googleapis.com/v1beta1/projects pageSize=100
[debug] [2022-07-08T22:25:38.471Z] <<< [apiv2][status] GET https://firebase.googleapis.com/v1beta1/projects 200
[debug] [2022-07-08T22:25:38.471Z] <<< [apiv2][body] GET https://firebase.googleapis.com/v1beta1/projects [omitted]
[info] i  Using project kourageousoutdoorkids (kourageousoutdoorkids) 
[info] 
=== Functions Setup
[info] 
[info] A functions directory will be created in your project with sample code
[info] pre-configured. Functions can be deployed with firebase deploy.
[info] 
[debug] [2022-07-08T22:25:41.275Z] > command requires scopes: ["email","openid","https://www.googleapis.com/auth/cloudplatformprojects.readonly","https://www.googleapis.com/auth/firebase","https://www.googleapis.com/auth/cloud-platform"]
[debug] [2022-07-08T22:25:41.275Z] > authorizing via signed-in user (colecharles1997@gmail.com)
[debug] [2022-07-08T22:25:41.276Z] [iam] checking project kourageousoutdoorkids for permissions ["firebase.projects.get"]
[debug] [2022-07-08T22:25:41.276Z] >>> [apiv2][query] POST https://cloudresourcemanager.googleapis.com/v1/projects/kourageousoutdoorkids:testIamPermissions [none]
[debug] [2022-07-08T22:25:41.276Z] >>> [apiv2][body] POST https://cloudresourcemanager.googleapis.com/v1/projects/kourageousoutdoorkids:testIamPermissions {"permissions":["firebase.projects.get"]}
[debug] [2022-07-08T22:25:41.533Z] <<< [apiv2][status] POST https://cloudresourcemanager.googleapis.com/v1/projects/kourageousoutdoorkids:testIamPermissions 200
[debug] [2022-07-08T22:25:41.533Z] <<< [apiv2][body] POST https://cloudresourcemanager.googleapis.com/v1/projects/kourageousoutdoorkids:testIamPermissions {"permissions":["firebase.projects.get"]}
[debug] [2022-07-08T22:25:41.534Z] >>> [apiv2][query] GET https://serviceusage.googleapis.com/v1/projects/kourageousoutdoorkids/services/cloudfunctions.googleapis.com [none]
[debug] [2022-07-08T22:25:41.535Z] >>> [apiv2][query] GET https://serviceusage.googleapis.com/v1/projects/kourageousoutdoorkids/services/runtimeconfig.googleapis.com [none]
[debug] [2022-07-08T22:25:42.063Z] <<< [apiv2][status] GET https://serviceusage.googleapis.com/v1/projects/kourageousoutdoorkids/services/cloudfunctions.googleapis.com 200
[debug] [2022-07-08T22:25:42.063Z] <<< [apiv2][body] GET https://serviceusage.googleapis.com/v1/projects/kourageousoutdoorkids/services/cloudfunctions.googleapis.com [omitted]
[debug] [2022-07-08T22:25:42.064Z] >>> [apiv2][query] POST https://serviceusage.googleapis.com/v1/projects/kourageousoutdoorkids/services/cloudfunctions.googleapis.com:enable [none]
[debug] [2022-07-08T22:25:42.066Z] <<< [apiv2][status] GET https://serviceusage.googleapis.com/v1/projects/kourageousoutdoorkids/services/runtimeconfig.googleapis.com 200
[debug] [2022-07-08T22:25:42.066Z] <<< [apiv2][body] GET https://serviceusage.googleapis.com/v1/projects/kourageousoutdoorkids/services/runtimeconfig.googleapis.com [omitted]
[debug] [2022-07-08T22:25:42.936Z] <<< [apiv2][status] POST https://serviceusage.googleapis.com/v1/projects/kourageousoutdoorkids/services/cloudfunctions.googleapis.com:enable 200
[debug] [2022-07-08T22:25:42.936Z] <<< [apiv2][body] POST https://serviceusage.googleapis.com/v1/projects/kourageousoutdoorkids/services/cloudfunctions.googleapis.com:enable [omitted]
[debug] [2022-07-08T22:25:52.939Z] >>> [apiv2][query] GET https://serviceusage.googleapis.com/v1/projects/kourageousoutdoorkids/services/cloudfunctions.googleapis.com [none]
[debug] [2022-07-08T22:25:53.413Z] <<< [apiv2][status] GET https://serviceusage.googleapis.com/v1/projects/kourageousoutdoorkids/services/cloudfunctions.googleapis.com 200
[debug] [2022-07-08T22:25:53.413Z] <<< [apiv2][body] GET https://serviceusage.googleapis.com/v1/projects/kourageousoutdoorkids/services/cloudfunctions.googleapis.com [omitted]
[info] ✔  Wrote functions/package.json 
[info] ✔  Wrote functions/.eslintrc.js 
[info] ✔  Wrote functions/index.js 
[info] ✔  Wrote functions/.gitignore 
[info] 
=== Hosting Setup
[info] 
[info] Your public directory is the folder (relative to your project directory) that
[info] will contain Hosting assets to be uploaded with firebase deploy. If you
[info] have a build process for your assets, use your build's output directory.
[info] 
[debug] [2022-07-08T22:26:42.447Z] >>> [apiv2][query] GET https://www.gstatic.com/firebasejs/releases.json [none]
[debug] [2022-07-08T22:26:42.620Z] <<< [apiv2][status] GET https://www.gstatic.com/firebasejs/releases.json 200
[debug] [2022-07-08T22:26:42.620Z] <<< [apiv2][body] GET https://www.gstatic.com/firebasejs/releases.json {"current":{"version":"9.9.0","browserURL":"https://www.gstatic.com/firebasejs/9.9.0/firebase.js","packageURL":"https://www.gstatic.com/firebasejs/9.9.0/firebase.tgz"},"live":{"version":"9.9","browserURL":"https://www.gstatic.com/firebasejs/live/9.9/firebase.js","packageURL":"https://www.gstatic.com/firebasejs/live/9.9/firebase.tgz"},"components":{"analytics":"https://www.gstatic.com/firebasejs/9.9.0/firebase-analytics.js","app":"https://www.gstatic.com/firebasejs/9.9.0/firebase-app.js","app-check":"https://www.gstatic.com/firebasejs/9.9.0/firebase-app-check.js","auth":"https://www.gstatic.com/firebasejs/9.9.0/firebase-auth.js","auth/cordova":"https://www.gstatic.com/firebasejs/9.9.0/firebase-auth/cordova.js","auth/react-native":"https://www.gstatic.com/firebasejs/9.9.0/firebase-auth/react-native.js","functions":"https://www.gstatic.com/firebasejs/9.9.0/firebase-functions.js","firestore":"https://www.gstatic.com/firebasejs/9.9.0/firebase-firestore.js","firestore/lite":"https://www.gstatic.com/firebasejs/9.9.0/firebase-firestore/lite.js","installations":"https://www.gstatic.com/firebasejs/9.9.0/firebase-installations.js","storage":"https://www.gstatic.com/firebasejs/9.9.0/firebase-storage.js","performance":"https://www.gstatic.com/firebasejs/9.9.0/firebase-performance.js","remote-config":"https://www.gstatic.com/firebasejs/9.9.0/firebase-remote-config.js","messaging":"https://www.gstatic.com/firebasejs/9.9.0/firebase-messaging.js","messaging/sw":"https://www.gstatic.com/firebasejs/9.9.0/firebase-messaging/sw.js","database":"https://www.gstatic.com/firebasejs/9.9.0/firebase-database.js","firestore.memory":"https://www.gstatic.com/firebasejs/9.9.0/firebase-firestore.memory.js"}}
[info] ✔  Wrote public/index.html 
[info] 
[info] i  Detected a .git folder at /Users/cole/Desktop/server/public/kyle-app 
[info] i  Authorizing with GitHub to upload your service account to a GitHub repository's secrets store. 
[info] 
[info] Visit this URL on this device to log in:
[info] https://github.com/login/oauth/authorize?client_id=89cf50f02ac6aaed3484&state=591537741&redirect_uri=http%3A%2F%2Flocalhost%3A9005&scope=read%3Auser%20repo%20public_repo
[info] 
[info] Waiting for authentication...
[debug] [2022-07-08T22:28:10.053Z] >>> [apiv2][query] POST https://github.com/login/oauth/access_token [none]
[debug] [2022-07-08T22:28:10.053Z] >>> [apiv2][body] POST https://github.com/login/oauth/access_token [stream]
[debug] [2022-07-08T22:28:10.310Z] <<< [apiv2][status] POST https://github.com/login/oauth/access_token 200
[debug] [2022-07-08T22:28:10.310Z] <<< [apiv2][body] POST https://github.com/login/oauth/access_token {"access_token":"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","token_type":"bearer","scope":"read:user,repo"}
[debug] [2022-07-08T22:28:10.315Z] >>> [apiv2][query] GET https://api.github.com/user [none]
[debug] [2022-07-08T22:28:10.612Z] <<< [apiv2][status] GET https://api.github.com/user 200
[debug] [2022-07-08T22:28:10.612Z] <<< [apiv2][body] GET https://api.github.com/user {"login":"colegcharles","id":38669367,"node_id":"MDQ6VXNlcjM4NjY5MzY3","avatar_url":"https://avatars.githubusercontent.com/u/38669367?v=4","gravatar_id":"","url":"https://api.github.com/users/colegcharles","html_url":"https://github.com/colegcharles","followers_url":"https://api.github.com/users/colegcharles/followers","following_url":"https://api.github.com/users/colegcharles/following{/other_user}","gists_url":"https://api.github.com/users/colegcharles/gists{/gist_id}","starred_url":"https://api.github.com/users/colegcharles/starred{/owner}{/repo}","subscriptions_url":"https://api.github.com/users/colegcharles/subscriptions","organizations_url":"https://api.github.com/users/colegcharles/orgs","repos_url":"https://api.github.com/users/colegcharles/repos","events_url":"https://api.github.com/users/colegcharles/events{/privacy}","received_events_url":"https://api.github.com/users/colegcharles/received_events","type":"User","site_admin":false,"name":"Cole Charles","company":null,"blog":"","location":null,"email":null,"hireable":null,"bio":"Georgia Southern Computer Science student","twitter_username":null,"public_repos":6,"public_gists":0,"followers":1,"following":0,"created_at":"2018-04-23T19:05:47Z","updated_at":"2022-07-08T22:26:46Z","private_gists":0,"total_private_repos":10,"owned_private_repos":10,"disk_usage":89538,"collaborators":0,"two_factor_authentication":false,"plan":{"name":"free","space":976562499,"collaborators":0,"private_repos":10000}}
[info] 
[info] ✔  Success! Logged into GitHub as colegcharles 
[info] 
